


ARM Macro Assembler    Page 1 


    1 00000000                 PRESERVE8
    2 00000000                 THUMB
    3 00000000                 import           LeSignal
    4 00000000                 export           DFT_ModuleAuCarre
    5 00000000         
    6 00000000         
    7 00000000         ; ====================== zone de réservation de données,
                         ======================================
    8 00000000         ;Section RAM (read only) :
    9 00000000                 area             mesdata,data,readonly
   10 00000000 00000040 
                       M       equ              64
   11 00000000         
   12 00000000         ;Section RAM (read write):
   13 00000000                 area             maram,data,readwrite
   14 00000000         
   15 00000000         
   16 00000000         ; ======================================================
                       =========================================
   17 00000000         
   18 00000000         
   19 00000000         
   20 00000000         
   21 00000000         ;Section ROM code (read only) :  
   22 00000000                 area             moncode,code,readonly
   23 00000000         ; écrire le code ici
   24 00000000         ;int DFT_ModuleAuCArre (short int* x, char k)
   25 00000000         ; int Xr=0;
   26 00000000         ; int Xi=0;
   27 00000000         ;  for (int i=0; i<64; i++){
   28 00000000         ;   Xr+=*(x+i)*TabCos[k]
   29 00000000         ;   Xi+=*(x+i)*TabSin[k]
   30 00000000         ;   
   31 00000000         ;   }
   32 00000000         ;return Xr*Xr+Xi*Xi
   33 00000000         
   34 00000000         DFT_ModuleAuCarre
                               proc
   35 00000000 F04F 0300       mov              R3,#0       ; R3 : Compteur n
   36 00000004 E92D 01F0       push             {R4-R8}
   37 00000008 F04F 0400       MOV              R4,#0       ;R4:Partie Reel
   38 0000000C F04F 0500       MOV              R5,#0       ;R5:Partie Imaginai
                                                            re
   39 00000010 4A11            LDR              R2,=TabCos
   40 00000012 4F12            LDR              R7,=TabSin
   41 00000014         
   42 00000014         ;R2 : Valeur du cos
   43 00000014         ;R7 : Valeur du sin
   44 00000014         boucle
   45 00000014 F830 6013       LDRH             R6,[R0,R3,LSL #1 ] ;R6 : Signal
                                                            
   46 00000018 FB01 FC03       MUL              R12, R1, R3 ; k*n
   47 0000001C F00C 0C3F       AND              R12, R12, #0x3F ;Modulo pour év
                                                            iter de sortir du t
                                                            ableau
   48 00000020 F84D CD04       push             {R12}
   49 00000024         
   50 00000024         ;Partie réelle
   51 00000024 F932 801C       LDRSH            R8,[R2,R12,LSL #1] ;on charge l



ARM Macro Assembler    Page 2 


                                                            a valeur TabCos[k*n
                                                            ]
   52 00000028 FB06 FC08       MUL              R12,R6,R8
   53 0000002C 4464            ADD              R4,R4,R12   ; Xr+=*(x+n)*TabCos
                                                            [k]
   54 0000002E         
   55 0000002E         
   56 0000002E         
   57 0000002E         ;Partie Imaginaire
   58 0000002E F85D CB04       pop              {R12}
   59 00000032 F937 801C       LDRSH            R8,[R7,R12,LSL #1] ;on charge l
                                                            a valeur TabSin[k]
   60 00000036 FB06 FC08       MUL              R12, R6, R8
   61 0000003A 4465            ADD              R5,R5,R12   ;Xi+=*(x+n)*TabSin[
                                                            k]
   62 0000003C         
   63 0000003C F103 0301       add              R3,R3,#1
   64 00000040 F04F 0C40       LDR              R12,=M
   65 00000044 4563            CMP              R3,R12
   66 00000046 DBE5            BLT              boucle
   67 00000048 FB84 6404       SMULL            R6,R4,R4,R4
   68 0000004C FBC5 6405       SMLAL            R6,R4,R5,R5
   69 00000050         ;ADD R0,R4,R5
   70 00000050 4620            MOV              R0,R4
   71 00000052 E8BD 01F0       pop              {R4-R8}
   72 00000056         
   73 00000056 4770            bx               lr
   74 00000058                 endp
   75 00000058         
   76 00000058         
   77 00000058         
   78 00000058         
   79 00000058         
   80 00000058         
   81 00000058         ;Section ROM code (read only) :  
   82 00000058 00000000 
              00000000         AREA             Trigo, DATA, READONLY
   83 00000000         ; codage fractionnaire 1.15
   84 00000000         
   85 00000000         TabCos
   86 00000000 FF 7F           DCW              32767       ;  0 0x7fff  0.9999
                                                            7
   87 00000002 62 7F           DCW              32610       ;  1 0x7f62  0.9951
                                                            8
   88 00000004 8A 7D           DCW              32138       ;  2 0x7d8a  0.9807
                                                            7
   89 00000006 7D 7A           DCW              31357       ;  3 0x7a7d  0.9569
                                                            4
   90 00000008 42 76           DCW              30274       ;  4 0x7642  0.9238
                                                            9
   91 0000000A E3 70           DCW              28899       ;  5 0x70e3  0.8819
                                                            3
   92 0000000C 6E 6A           DCW              27246       ;  6 0x6a6e  0.8314
                                                            8
   93 0000000E F2 62           DCW              25330       ;  7 0x62f2  0.7730
                                                            1
   94 00000010 82 5A           DCW              23170       ;  8 0x5a82  0.7070
                                                            9
   95 00000012 34 51           DCW              20788       ;  9 0x5134  0.6344



ARM Macro Assembler    Page 3 


                                                            0
   96 00000014 1D 47           DCW              18205       ; 10 0x471d  0.5555
                                                            7
   97 00000016 57 3C           DCW              15447       ; 11 0x3c57  0.4714
                                                            1
   98 00000018 FC 30           DCW              12540       ; 12 0x30fc  0.3826
                                                            9
   99 0000001A 28 25           DCW              9512        ; 13 0x2528  0.2902
                                                            8
  100 0000001C F9 18           DCW              6393        ; 14 0x18f9  0.1951
                                                            0
  101 0000001E 8C 0C           DCW              3212        ; 15 0x0c8c  0.0980
                                                            2
  102 00000020 00 00           DCW              0           ; 16 0x0000  0.0000
                                                            0
  103 00000022 74 F3           DCW              -3212       ; 17 0xf374 -0.0980
                                                            2
  104 00000024 07 E7           DCW              -6393       ; 18 0xe707 -0.1951
                                                            0
  105 00000026 D8 DA           DCW              -9512       ; 19 0xdad8 -0.2902
                                                            8
  106 00000028 04 CF           DCW              -12540      ; 20 0xcf04 -0.3826
                                                            9
  107 0000002A A9 C3           DCW              -15447      ; 21 0xc3a9 -0.4714
                                                            1
  108 0000002C E3 B8           DCW              -18205      ; 22 0xb8e3 -0.5555
                                                            7
  109 0000002E CC AE           DCW              -20788      ; 23 0xaecc -0.6344
                                                            0
  110 00000030 7E A5           DCW              -23170      ; 24 0xa57e -0.7070
                                                            9
  111 00000032 0E 9D           DCW              -25330      ; 25 0x9d0e -0.7730
                                                            1
  112 00000034 92 95           DCW              -27246      ; 26 0x9592 -0.8314
                                                            8
  113 00000036 1D 8F           DCW              -28899      ; 27 0x8f1d -0.8819
                                                            3
  114 00000038 BE 89           DCW              -30274      ; 28 0x89be -0.9238
                                                            9
  115 0000003A 83 85           DCW              -31357      ; 29 0x8583 -0.9569
                                                            4
  116 0000003C 76 82           DCW              -32138      ; 30 0x8276 -0.9807
                                                            7
  117 0000003E 9E 80           DCW              -32610      ; 31 0x809e -0.9951
                                                            8
  118 00000040 00 80           DCW              -32768      ; 32 0x8000 -1.0000
                                                            0
  119 00000042 9E 80           DCW              -32610      ; 33 0x809e -0.9951
                                                            8
  120 00000044 76 82           DCW              -32138      ; 34 0x8276 -0.9807
                                                            7
  121 00000046 83 85           DCW              -31357      ; 35 0x8583 -0.9569
                                                            4
  122 00000048 BE 89           DCW              -30274      ; 36 0x89be -0.9238
                                                            9
  123 0000004A 1D 8F           DCW              -28899      ; 37 0x8f1d -0.8819
                                                            3
  124 0000004C 92 95           DCW              -27246      ; 38 0x9592 -0.8314
                                                            8



ARM Macro Assembler    Page 4 


  125 0000004E 0E 9D           DCW              -25330      ; 39 0x9d0e -0.7730
                                                            1
  126 00000050 7E A5           DCW              -23170      ; 40 0xa57e -0.7070
                                                            9
  127 00000052 CC AE           DCW              -20788      ; 41 0xaecc -0.6344
                                                            0
  128 00000054 E3 B8           DCW              -18205      ; 42 0xb8e3 -0.5555
                                                            7
  129 00000056 A9 C3           DCW              -15447      ; 43 0xc3a9 -0.4714
                                                            1
  130 00000058 04 CF           DCW              -12540      ; 44 0xcf04 -0.3826
                                                            9
  131 0000005A D8 DA           DCW              -9512       ; 45 0xdad8 -0.2902
                                                            8
  132 0000005C 07 E7           DCW              -6393       ; 46 0xe707 -0.1951
                                                            0
  133 0000005E 74 F3           DCW              -3212       ; 47 0xf374 -0.0980
                                                            2
  134 00000060 00 00           DCW              0           ; 48 0x0000  0.0000
                                                            0
  135 00000062 8C 0C           DCW              3212        ; 49 0x0c8c  0.0980
                                                            2
  136 00000064 F9 18           DCW              6393        ; 50 0x18f9  0.1951
                                                            0
  137 00000066 28 25           DCW              9512        ; 51 0x2528  0.2902
                                                            8
  138 00000068 FC 30           DCW              12540       ; 52 0x30fc  0.3826
                                                            9
  139 0000006A 57 3C           DCW              15447       ; 53 0x3c57  0.4714
                                                            1
  140 0000006C 1D 47           DCW              18205       ; 54 0x471d  0.5555
                                                            7
  141 0000006E 34 51           DCW              20788       ; 55 0x5134  0.6344
                                                            0
  142 00000070 82 5A           DCW              23170       ; 56 0x5a82  0.7070
                                                            9
  143 00000072 F2 62           DCW              25330       ; 57 0x62f2  0.7730
                                                            1
  144 00000074 6E 6A           DCW              27246       ; 58 0x6a6e  0.8314
                                                            8
  145 00000076 E3 70           DCW              28899       ; 59 0x70e3  0.8819
                                                            3
  146 00000078 42 76           DCW              30274       ; 60 0x7642  0.9238
                                                            9
  147 0000007A 7D 7A           DCW              31357       ; 61 0x7a7d  0.9569
                                                            4
  148 0000007C 8A 7D           DCW              32138       ; 62 0x7d8a  0.9807
                                                            7
  149 0000007E 62 7F           DCW              32610       ; 63 0x7f62  0.9951
                                                            8
  150 00000080         TabSin
  151 00000080 00 00           DCW              0           ;  0 0x0000  0.0000
                                                            0
  152 00000082 8C 0C           DCW              3212        ;  1 0x0c8c  0.0980
                                                            2
  153 00000084 F9 18           DCW              6393        ;  2 0x18f9  0.1951
                                                            0
  154 00000086 28 25           DCW              9512        ;  3 0x2528  0.2902
                                                            8



ARM Macro Assembler    Page 5 


  155 00000088 FC 30           DCW              12540       ;  4 0x30fc  0.3826
                                                            9
  156 0000008A 57 3C           DCW              15447       ;  5 0x3c57  0.4714
                                                            1
  157 0000008C 1D 47           DCW              18205       ;  6 0x471d  0.5555
                                                            7
  158 0000008E 34 51           DCW              20788       ;  7 0x5134  0.6344
                                                            0
  159 00000090 82 5A           DCW              23170       ;  8 0x5a82  0.7070
                                                            9
  160 00000092 F2 62           DCW              25330       ;  9 0x62f2  0.7730
                                                            1
  161 00000094 6E 6A           DCW              27246       ; 10 0x6a6e  0.8314
                                                            8
  162 00000096 E3 70           DCW              28899       ; 11 0x70e3  0.8819
                                                            3
  163 00000098 42 76           DCW              30274       ; 12 0x7642  0.9238
                                                            9
  164 0000009A 7D 7A           DCW              31357       ; 13 0x7a7d  0.9569
                                                            4
  165 0000009C 8A 7D           DCW              32138       ; 14 0x7d8a  0.9807
                                                            7
  166 0000009E 62 7F           DCW              32610       ; 15 0x7f62  0.9951
                                                            8
  167 000000A0 FF 7F           DCW              32767       ; 16 0x7fff  0.9999
                                                            7
  168 000000A2 62 7F           DCW              32610       ; 17 0x7f62  0.9951
                                                            8
  169 000000A4 8A 7D           DCW              32138       ; 18 0x7d8a  0.9807
                                                            7
  170 000000A6 7D 7A           DCW              31357       ; 19 0x7a7d  0.9569
                                                            4
  171 000000A8 42 76           DCW              30274       ; 20 0x7642  0.9238
                                                            9
  172 000000AA E3 70           DCW              28899       ; 21 0x70e3  0.8819
                                                            3
  173 000000AC 6E 6A           DCW              27246       ; 22 0x6a6e  0.8314
                                                            8
  174 000000AE F2 62           DCW              25330       ; 23 0x62f2  0.7730
                                                            1
  175 000000B0 82 5A           DCW              23170       ; 24 0x5a82  0.7070
                                                            9
  176 000000B2 34 51           DCW              20788       ; 25 0x5134  0.6344
                                                            0
  177 000000B4 1D 47           DCW              18205       ; 26 0x471d  0.5555
                                                            7
  178 000000B6 57 3C           DCW              15447       ; 27 0x3c57  0.4714
                                                            1
  179 000000B8 FC 30           DCW              12540       ; 28 0x30fc  0.3826
                                                            9
  180 000000BA 28 25           DCW              9512        ; 29 0x2528  0.2902
                                                            8
  181 000000BC F9 18           DCW              6393        ; 30 0x18f9  0.1951
                                                            0
  182 000000BE 8C 0C           DCW              3212        ; 31 0x0c8c  0.0980
                                                            2
  183 000000C0 00 00           DCW              0           ; 32 0x0000  0.0000
                                                            0
  184 000000C2 74 F3           DCW              -3212       ; 33 0xf374 -0.0980



ARM Macro Assembler    Page 6 


                                                            2
  185 000000C4 07 E7           DCW              -6393       ; 34 0xe707 -0.1951
                                                            0
  186 000000C6 D8 DA           DCW              -9512       ; 35 0xdad8 -0.2902
                                                            8
  187 000000C8 04 CF           DCW              -12540      ; 36 0xcf04 -0.3826
                                                            9
  188 000000CA A9 C3           DCW              -15447      ; 37 0xc3a9 -0.4714
                                                            1
  189 000000CC E3 B8           DCW              -18205      ; 38 0xb8e3 -0.5555
                                                            7
  190 000000CE CC AE           DCW              -20788      ; 39 0xaecc -0.6344
                                                            0
  191 000000D0 7E A5           DCW              -23170      ; 40 0xa57e -0.7070
                                                            9
  192 000000D2 0E 9D           DCW              -25330      ; 41 0x9d0e -0.7730
                                                            1
  193 000000D4 92 95           DCW              -27246      ; 42 0x9592 -0.8314
                                                            8
  194 000000D6 1D 8F           DCW              -28899      ; 43 0x8f1d -0.8819
                                                            3
  195 000000D8 BE 89           DCW              -30274      ; 44 0x89be -0.9238
                                                            9
  196 000000DA 83 85           DCW              -31357      ; 45 0x8583 -0.9569
                                                            4
  197 000000DC 76 82           DCW              -32138      ; 46 0x8276 -0.9807
                                                            7
  198 000000DE 9E 80           DCW              -32610      ; 47 0x809e -0.9951
                                                            8
  199 000000E0 00 80           DCW              -32768      ; 48 0x8000 -1.0000
                                                            0
  200 000000E2 9E 80           DCW              -32610      ; 49 0x809e -0.9951
                                                            8
  201 000000E4 76 82           DCW              -32138      ; 50 0x8276 -0.9807
                                                            7
  202 000000E6 83 85           DCW              -31357      ; 51 0x8583 -0.9569
                                                            4
  203 000000E8 BE 89           DCW              -30274      ; 52 0x89be -0.9238
                                                            9
  204 000000EA 1D 8F           DCW              -28899      ; 53 0x8f1d -0.8819
                                                            3
  205 000000EC 92 95           DCW              -27246      ; 54 0x9592 -0.8314
                                                            8
  206 000000EE 0E 9D           DCW              -25330      ; 55 0x9d0e -0.7730
                                                            1
  207 000000F0 7E A5           DCW              -23170      ; 56 0xa57e -0.7070
                                                            9
  208 000000F2 CC AE           DCW              -20788      ; 57 0xaecc -0.6344
                                                            0
  209 000000F4 E3 B8           DCW              -18205      ; 58 0xb8e3 -0.5555
                                                            7
  210 000000F6 A9 C3           DCW              -15447      ; 59 0xc3a9 -0.4714
                                                            1
  211 000000F8 04 CF           DCW              -12540      ; 60 0xcf04 -0.3826
                                                            9
  212 000000FA D8 DA           DCW              -9512       ; 61 0xdad8 -0.2902
                                                            8
  213 000000FC 07 E7           DCW              -6393       ; 62 0xe707 -0.1951
                                                            0



ARM Macro Assembler    Page 7 


  214 000000FE 74 F3           DCW              -3212       ; 63 0xf374 -0.0980
                                                            2
  215 00000100         
  216 00000100         
  217 00000100         
  218 00000100         
  219 00000100                 END
Command Line: --debug --xref --diag_suppress=9931 --cpu=Cortex-M3 --apcs=interw
ork --depend=.\obj\dft.d -o.\obj\dft.o -I.\RTE\_Simu -IC:\Programdata\Keil\Arm\
Packs\ARM\CMSIS\5.7.0\CMSIS\Core\Include -IC:\Programdata\Keil\Arm\Packs\Keil\S
TM32F1xx_DFP\2.3.0\Device\Include --predefine="__EVAL SETA 1" --predefine="__MI
CROLIB SETA 1" --predefine="__UVISION_VERSION SETA 530" --predefine="_RTE_ SETA
 1" --predefine="STM32F10X_MD SETA 1" --predefine="_RTE_ SETA 1" --list=dft.lst
 Src\DFT.s



ARM Macro Assembler    Page 1 Alphabetic symbol ordering
Relocatable symbols

mesdata 00000000

Symbol: mesdata
   Definitions
      At line 9 in file Src\DFT.s
   Uses
      None
Comment: mesdata unused
1 symbol



ARM Macro Assembler    Page 1 Alphabetic symbol ordering
Relocatable symbols

maram 00000000

Symbol: maram
   Definitions
      At line 13 in file Src\DFT.s
   Uses
      None
Comment: maram unused
1 symbol



ARM Macro Assembler    Page 1 Alphabetic symbol ordering
Relocatable symbols

DFT_ModuleAuCarre 00000000

Symbol: DFT_ModuleAuCarre
   Definitions
      At line 34 in file Src\DFT.s
   Uses
      At line 4 in file Src\DFT.s
Comment: DFT_ModuleAuCarre used once
boucle 00000014

Symbol: boucle
   Definitions
      At line 44 in file Src\DFT.s
   Uses
      At line 66 in file Src\DFT.s
Comment: boucle used once
moncode 00000000

Symbol: moncode
   Definitions
      At line 22 in file Src\DFT.s
   Uses
      None
Comment: moncode unused
3 symbols



ARM Macro Assembler    Page 1 Alphabetic symbol ordering
Relocatable symbols

TabCos 00000000

Symbol: TabCos
   Definitions
      At line 85 in file Src\DFT.s
   Uses
      At line 39 in file Src\DFT.s
Comment: TabCos used once
TabSin 00000080

Symbol: TabSin
   Definitions
      At line 150 in file Src\DFT.s
   Uses
      At line 40 in file Src\DFT.s
Comment: TabSin used once
Trigo 00000000

Symbol: Trigo
   Definitions
      At line 82 in file Src\DFT.s
   Uses
      None
Comment: Trigo unused
3 symbols



ARM Macro Assembler    Page 1 Alphabetic symbol ordering
Absolute symbols

M 00000040

Symbol: M
   Definitions
      At line 10 in file Src\DFT.s
   Uses
      At line 64 in file Src\DFT.s
Comment: M used once
1 symbol



ARM Macro Assembler    Page 1 Alphabetic symbol ordering
External symbols

LeSignal 00000000

Symbol: LeSignal
   Definitions
      At line 3 in file Src\DFT.s
   Uses
      None
Comment: LeSignal unused
1 symbol
347 symbols in table
