


ARM Macro Assembler    Page 1 


    1 00000000                 PRESERVE8
    2 00000000                 THUMB
    3 00000000                 export           CallbackSon
    4 00000000                 import           Son
    5 00000000                 import           LongueurSon
    6 00000000                 export           SortieSon
    7 00000000                 export           index
    8 00000000                 include          DriverJeuLaser.inc
    1 00000000         
    2 00000000         ; Bibliotheque DriverJeuLaser (ancienne gassp72 adaptée 
                       2021 - TR)
    3 00000000         ; Accès en aux fonctions suivantes :
    4 00000000         ; GPIO :
    5 00000000         ; GPIOA_Set(char Broche), GPIOB_Set(char Broche), GPIOC_
                       Set(char Broche)
    6 00000000         ; GPIOA_Clear(char Broche), GPIOB_Clear(char Broche), GP
                       IOC_Clear(char Broche)
    7 00000000         
    8 00000000         ; PWM :
    9 00000000         ;/**
   10 00000000         ; * @brief  Fixe une valeur de PWM, Val, en tick horloge
                       . La rapport cyclique effectif
   11 00000000         ; * est donc : rcy = Thaut_ticks / Periode_ticks
   12 00000000         ; * @note   spécifique Jeu Laser, PWM liée exclusivement
                        au TIM3, chan3
   13 00000000         ; * @param  Thaut_ticks : durée de l'état haut d'une imp
                       ulsion en Ticks
   14 00000000         ;  * @retval None
   15 00000000         ; */
   16 00000000         
   17 00000000         ;void PWM_Set_Value_TIM3_Ch3( unsigned short int Thaut_t
                       icks);
   18 00000000                 import           PWM_Set_Value_TIM3_Ch3
   19 00000000         
   20 00000000         
   21 00000000         
   22 00000000         ;/**
   23 00000000         ; * @brief  Mise à 1 d'une broche GPIO 
   24 00000000         ;  * @note   Une fonction par GPIO
   25 00000000         ; * @param  Broche : 0 à 15
   26 00000000         ; * @retval None
   27 00000000         ; */
   28 00000000         
   29 00000000         ;void GPIOA_Set(char Broche);
   30 00000000                 import           GPIOA_Set
   31 00000000         
   32 00000000         ;void GPIOB_Set(char Broche);
   33 00000000                 import           GPIOB_Set
   34 00000000         
   35 00000000         ;void GPIOC_Set(char Broche);
   36 00000000                 import           GPIOC_Set
   37 00000000         
   38 00000000         
   39 00000000         
   40 00000000         ;/**
   41 00000000         ; * @brief  Mise à 0 d'une broche GPIO 
   42 00000000         ;  * @note   Une fonction par GPIO
   43 00000000         ; * @param  Broche : 0 à 15
   44 00000000         ; * @retval None



ARM Macro Assembler    Page 2 


   45 00000000         ;  */
   46 00000000         
   47 00000000         ;void GPIOA_Clear(char Broche);
   48 00000000                 import           GPIOA_Clear
   49 00000000         
   50 00000000         ;void GPIOB_Clear(char Broche);
   51 00000000                 import           GPIOB_Clear
   52 00000000         
   53 00000000         ;void GPIOC_Clear(char Broche);
   54 00000000                 import           GPIOC_Clear
   55 00000000         
   56 00000000                 end
    9 00000000                 export           StartSon
   10 00000000         
   11 00000000         ; ====================== zone de réservation de données,
                         ======================================
   12 00000000         ;Section RAM (read only) :
   13 00000000                 area             mesdata,data,readonly
   14 00000000 00008000 
                       Const1  equ              32768
   15 00000000 000002CF 
                       Const2  equ              719
   16 00000000         
   17 00000000         
   18 00000000         
   19 00000000         ;Section RAM (read write):
   20 00000000                 area             maram,data,readwrite
   21 00000000 00000000 
                       index   dcd              0
   22 00000004 00 00   SortieSon
                               dcw              0
   23 00000006         
   24 00000006         
   25 00000006         
   26 00000006         ; ======================================================
                       =========================================
   27 00000006         
   28 00000006         
   29 00000006         
   30 00000006         
   31 00000006         ;Section ROM code (read only) :  
   32 00000006                 area             moncode,code,readonly
   33 00000000         ; écrire le code ici  
   34 00000000         CallbackSon
                               proc
   35 00000000 B410            push             {R4}
   36 00000002 4912            LDR              R1,=Son
   37 00000004 4C12            LDR              R4,=LongueurSon
   38 00000006 6824            LDR              R4,[R4]
   39 00000008 F1A4 0401       SUB              R4,R4,#1
   40 0000000C 4B11            LDR              R3,=index
   41 0000000E 681A            LDR              R2,[R3]
   42 00000010 42A2            CMP              R2,R4
   43 00000012         ;Si notre index est plus grand que notre nombre de point
                       s on va directement à la fin 
   44 00000012 DC14            BGT              FinEchantillon
   45 00000014 F931 0012       LDRSH            R0,[R1,R2,LSL#1]
   46 00000018 F102 0201       ADD              R2,R2,#1
   47 0000001C 601A            STR              R2,[R3]



ARM Macro Assembler    Page 3 


   48 0000001E         
   49 0000001E         ;On s'occupe de faire le offset du signal et l'adaptatio
                       n à la fenêtre 
   50 0000001E F44F 4200       LDR              R2,=Const1
   51 00000022 F240 23CF       LDR              R3,=Const2
   52 00000026 4410            ADD              R0,R0,R2
   53 00000028 FB00 F003       MUL              R0,R0,R3
   54 0000002C         ;on fait un décalage à droite arithmétique
   55 0000002C EA4F 4020       ASR              R0,#16
   56 00000030 4909            LDR              R1,=SortieSon
   57 00000032 6008            STR              R0,[R1]
   58 00000034 B500            push             {lr}
   59 00000036 F7FF FFFE       bl               PWM_Set_Value_TIM3_Ch3
   60 0000003A F85D EB04       pop              {lr}
   61 0000003E         FinEchantillon
   62 0000003E         
   63 0000003E BC10            pop              {R4}
   64 00000040 4770            bx               lr
   65 00000042                 endp
   66 00000042         
   67 00000042         
   68 00000042         StartSon
                               proc
   69 00000042 4B04            ldr              R3,=index
   70 00000044 F04F 0000       mov              R0,#0
   71 00000048 6018            str              R0,[R3]
   72 0000004A 4770            bx               lr
   73 0000004C                 endp
   74 0000004C                 END
              00000000 
              00000000 
              00000000 
              00000000 
Command Line: --debug --xref --diag_suppress=9931 --cpu=Cortex-M3 --apcs=interw
ork --depend=.\obj\gestionson.d -o.\obj\gestionson.o -I.\Driver -I.\RTE\_Simu -
IC:\Programdata\Keil\Arm\Packs\ARM\CMSIS\5.7.0\CMSIS\Core\Include -IC:\Programd
ata\Keil\Arm\Packs\Keil\STM32F1xx_DFP\2.3.0\Device\Include --predefine="__EVAL 
SETA 1" --predefine="__MICROLIB SETA 1" --predefine="__UVISION_VERSION SETA 530
" --predefine="_RTE_ SETA 1" --predefine="STM32F10X_MD SETA 1" --predefine="_RT
E_ SETA 1" --list=gestionson.lst Src\son\GestionSon.s



ARM Macro Assembler    Page 1 Alphabetic symbol ordering
Relocatable symbols

mesdata 00000000

Symbol: mesdata
   Definitions
      At line 13 in file Src\son\GestionSon.s
   Uses
      None
Comment: mesdata unused
1 symbol



ARM Macro Assembler    Page 1 Alphabetic symbol ordering
Relocatable symbols

SortieSon 00000004

Symbol: SortieSon
   Definitions
      At line 22 in file Src\son\GestionSon.s
   Uses
      At line 6 in file Src\son\GestionSon.s
      At line 56 in file Src\son\GestionSon.s

index 00000000

Symbol: index
   Definitions
      At line 21 in file Src\son\GestionSon.s
   Uses
      At line 7 in file Src\son\GestionSon.s
      At line 40 in file Src\son\GestionSon.s
      At line 69 in file Src\son\GestionSon.s

maram 00000000

Symbol: maram
   Definitions
      At line 20 in file Src\son\GestionSon.s
   Uses
      None
Comment: maram unused
3 symbols



ARM Macro Assembler    Page 1 Alphabetic symbol ordering
Relocatable symbols

CallbackSon 00000000

Symbol: CallbackSon
   Definitions
      At line 34 in file Src\son\GestionSon.s
   Uses
      At line 3 in file Src\son\GestionSon.s
Comment: CallbackSon used once
FinEchantillon 0000003E

Symbol: FinEchantillon
   Definitions
      At line 61 in file Src\son\GestionSon.s
   Uses
      At line 44 in file Src\son\GestionSon.s
Comment: FinEchantillon used once
StartSon 00000042

Symbol: StartSon
   Definitions
      At line 68 in file Src\son\GestionSon.s
   Uses
      At line 9 in file Src\son\GestionSon.s
Comment: StartSon used once
moncode 00000000

Symbol: moncode
   Definitions
      At line 32 in file Src\son\GestionSon.s
   Uses
      None
Comment: moncode unused
4 symbols



ARM Macro Assembler    Page 1 Alphabetic symbol ordering
Absolute symbols

Const1 00008000

Symbol: Const1
   Definitions
      At line 14 in file Src\son\GestionSon.s
   Uses
      At line 50 in file Src\son\GestionSon.s
Comment: Const1 used once
Const2 000002CF

Symbol: Const2
   Definitions
      At line 15 in file Src\son\GestionSon.s
   Uses
      At line 51 in file Src\son\GestionSon.s
Comment: Const2 used once
2 symbols



ARM Macro Assembler    Page 1 Alphabetic symbol ordering
External symbols

GPIOA_Clear 00000000

Symbol: GPIOA_Clear
   Definitions
      At line 48 in file .\Driver\DriverJeuLaser.inc
   Uses
      None
Comment: GPIOA_Clear unused
GPIOA_Set 00000000

Symbol: GPIOA_Set
   Definitions
      At line 30 in file .\Driver\DriverJeuLaser.inc
   Uses
      None
Comment: GPIOA_Set unused
GPIOB_Clear 00000000

Symbol: GPIOB_Clear
   Definitions
      At line 51 in file .\Driver\DriverJeuLaser.inc
   Uses
      None
Comment: GPIOB_Clear unused
GPIOB_Set 00000000

Symbol: GPIOB_Set
   Definitions
      At line 33 in file .\Driver\DriverJeuLaser.inc
   Uses
      None
Comment: GPIOB_Set unused
GPIOC_Clear 00000000

Symbol: GPIOC_Clear
   Definitions
      At line 54 in file .\Driver\DriverJeuLaser.inc
   Uses
      None
Comment: GPIOC_Clear unused
GPIOC_Set 00000000

Symbol: GPIOC_Set
   Definitions
      At line 36 in file .\Driver\DriverJeuLaser.inc
   Uses
      None
Comment: GPIOC_Set unused
LongueurSon 00000000

Symbol: LongueurSon
   Definitions
      At line 5 in file Src\son\GestionSon.s
   Uses
      At line 37 in file Src\son\GestionSon.s
Comment: LongueurSon used once
PWM_Set_Value_TIM3_Ch3 00000000

Symbol: PWM_Set_Value_TIM3_Ch3



ARM Macro Assembler    Page 2 Alphabetic symbol ordering
External symbols

   Definitions
      At line 18 in file .\Driver\DriverJeuLaser.inc
   Uses
      At line 59 in file Src\son\GestionSon.s
Comment: PWM_Set_Value_TIM3_Ch3 used once
Son 00000000

Symbol: Son
   Definitions
      At line 4 in file Src\son\GestionSon.s
   Uses
      At line 36 in file Src\son\GestionSon.s
Comment: Son used once
9 symbols
356 symbols in table
